<?xml version="1.0" encoding="UTF-8"?>
<testsuite name="Product selection and purchase" tests="1" skipped="0" failures="1" errors="0" timestamp="2025-11-19T10:26:03.997Z" hostname="DESKTOP-PF36L1O" time="0.296">
  <properties/>
  <testcase name="Select a product and complete the purchase" classname="Product selection and purchase" time="0.296">
    <failure message="io.cucumber.junit.UndefinedStepException: The step 'I am on the AutomationExercises homepage' and 5 other step(s) are undefined.&#10;You can implement these steps using the snippet(s) below:&#10;&#10;@Given(&quot;I am on the AutomationExercises homepage&quot;)&#10;public void iAmOnTheAutomationExercisesHomepage() {&#10;    // Write code here that turns the phrase above into concrete actions&#10;    throw new io.cucumber.java.PendingException();&#10;}&#10;@When(&quot;the user selects the product {string}&quot;)&#10;public void theUserSelectsTheProduct(String string) {&#10;    // Write code here that turns the phrase above into concrete actions&#10;    throw new io.cucumber.java.PendingException();&#10;}&#10;@When(&quot;adds the product to the cart&quot;)&#10;public void addsTheProductToTheCart() {&#10;    // Write code here that turns the phrase above into concrete actions&#10;    throw new io.cucumber.java.PendingException();&#10;}&#10;@When(&quot;goes to the cart from the View Cart link&quot;)&#10;public void goesToTheCartFromTheViewCartLink() {&#10;    // Write code here that turns the phrase above into concrete actions&#10;    throw new io.cucumber.java.PendingException();&#10;}&#10;@When(&quot;proceeds to checkout&quot;)&#10;public void proceedsToCheckout() {&#10;    // Write code here that turns the phrase above into concrete actions&#10;    throw new io.cucumber.java.PendingException();&#10;}&#10;@Then(&quot;the order should be successfully confirmed&quot;)&#10;public void theOrderShouldBeSuccessfullyConfirmed() {&#10;    // Write code here that turns the phrase above into concrete actions&#10;    throw new io.cucumber.java.PendingException();&#10;}&#10;" type="io.cucumber.junit.UndefinedStepException">io.cucumber.junit.UndefinedStepException: The step 'I am on the AutomationExercises homepage' and 5 other step(s) are undefined.
You can implement these steps using the snippet(s) below:

@Given(&quot;I am on the AutomationExercises homepage&quot;)
public void iAmOnTheAutomationExercisesHomepage() {
    // Write code here that turns the phrase above into concrete actions
    throw new io.cucumber.java.PendingException();
}
@When(&quot;the user selects the product {string}&quot;)
public void theUserSelectsTheProduct(String string) {
    // Write code here that turns the phrase above into concrete actions
    throw new io.cucumber.java.PendingException();
}
@When(&quot;adds the product to the cart&quot;)
public void addsTheProductToTheCart() {
    // Write code here that turns the phrase above into concrete actions
    throw new io.cucumber.java.PendingException();
}
@When(&quot;goes to the cart from the View Cart link&quot;)
public void goesToTheCartFromTheViewCartLink() {
    // Write code here that turns the phrase above into concrete actions
    throw new io.cucumber.java.PendingException();
}
@When(&quot;proceeds to checkout&quot;)
public void proceedsToCheckout() {
    // Write code here that turns the phrase above into concrete actions
    throw new io.cucumber.java.PendingException();
}
@Then(&quot;the order should be successfully confirmed&quot;)
public void theOrderShouldBeSuccessfullyConfirmed() {
    // Write code here that turns the phrase above into concrete actions
    throw new io.cucumber.java.PendingException();
}

</failure>
  </testcase>
  <system-out><![CDATA[]]></system-out>
  <system-err><![CDATA[[Test worker] INFO  - 
  _____   ___   ___   _____     ___   _____     _     ___   _____   ___   ___  
 |_   _| | __| / __| |_   _|   / __| |_   _|   /_\   | _ \ |_   _| | __| |   \ 
   | |   | _|  \__ \   | |     \__ \   | |    / _ \  |   /   | |   | _|  | |) |
   |_|   |___| |___/   |_|     |___/   |_|   /_/ \_\ |_|_\   |_|   |___| |___/ 

Select a product and complete the purchase(product-selection-and-purchase;select-a-product-and-complete-the-purchase)
--------------------------------------------------------------------------------
[Test worker] INFO  - 
  _____   ___   ___   _____     ___   ___   _  _   ___    ___   _  _    ___ 
 |_   _| | __| / __| |_   _|   | _ \ | __| | \| | |   \  |_ _| | \| |  / __|
   | |   | _|  \__ \   | |     |  _/ | _|  | .` | | |) |  | |  | .` | | (_ |
   |_|   |___| |___/   |_|     |_|   |___| |_|\_| |___/  |___| |_|\_|  \___|

Select a product and complete the purchase
-----------------------------------------------------------------------------
]]></system-err>
</testsuite>
