<?xml version="1.0" encoding="UTF-8"?>
<testsuite name="Join the Buggy Cars Rating platform" tests="1" skipped="0" failures="1" errors="0" timestamp="2025-11-19T10:26:04.297Z" hostname="DESKTOP-PF36L1O" time="22.282">
  <properties/>
  <testcase name="Successful account creation" classname="Join the Buggy Cars Rating platform" time="22.282">
    <failure message="java.lang.AssertionError: &#10;Expected: &lt;true&gt;&#10;     but: was &lt;false&gt;" type="java.lang.AssertionError">java.lang.AssertionError: 
Expected: &lt;true&gt;
     but: was &lt;false&gt;
	at net.serenitybdd.screenplay.ErrorTally.throwSummaryExceptionFrom(ErrorTally.java:38)
	at net.serenitybdd.screenplay.ErrorTally.reportAnyErrors(ErrorTally.java:32)
	at net.serenitybdd.screenplay.Actor.should(Actor.java:397)
	at co.com.buggy.test.stepdefinitions.RegisterStepDefinition.iShouldConfirmThatTheAccountWasCreated(RegisterStepDefinition.java:68)
	at ✽.I should confirm that the account was created(file:///C:/Users/Usuario/Documents/8vo%20semestre/Calidad%20de%20software/AutomatizacionTaller/AutomationExercise/src/test/resources/features/user_registration.feature:11)
</failure>
  </testcase>
  <system-out><![CDATA[]]></system-out>
  <system-err><![CDATA[[Test worker] INFO  - 
  _____   ___   ___   _____     ___   _____     _     ___   _____   ___   ___  
 |_   _| | __| / __| |_   _|   / __| |_   _|   /_\   | _ \ |_   _| | __| |   \ 
   | |   | _|  \__ \   | |     \__ \   | |    / _ \  |   /   | |   | _|  | |) |
   |_|   |___| |___/   |_|     |___/   |_|   /_/ \_\ |_|_\   |_|   |___| |___/ 

Successful account creation(join-the-buggy-cars-rating-platform;successful-account-creation)
--------------------------------------------------------------------------------
[Test worker] INFO net.serenitybdd.core.webdriver.driverproviders.ChromeDriverProvider - Starting Chrome driver instance with capabilities:
[Test worker] INFO net.serenitybdd.core.webdriver.driverproviders.ChromeDriverProvider - Capabilities {acceptInsecureCerts: false, browserName: chrome, goog:chromeOptions: {args: [remote-allow-origins=*], extensions: []}}
nov 19, 2025 5:26:06 A. M. org.openqa.selenium.devtools.CdpVersionFinder findNearestMatch
WARNING: Unable to find CDP implementation matching 142
nov 19, 2025 5:26:06 A. M. org.openqa.selenium.chromium.ChromiumDriver lambda$new$5
WARNING: Unable to find version of CDP to use for 142.0.7444.164. You may need to include a dependency on a specific version of the CDP using something similar to `org.seleniumhq.selenium:selenium-devtools-v86:4.16.1` where the version ("v86") matches the version of the chromium-based browser you're using and the version number of the artifact is the same as Selenium's.
[Test worker] ERROR  - 
  _____   ___   ___   _____     ___     _     ___   _      ___   ___  
 |_   _| | __| / __| |_   _|   | __|   /_\   |_ _| | |    | __| |   \ 
   | |   | _|  \__ \   | |     | _|   / _ \   | |  | |__  | _|  | |) |
   |_|   |___| |___/   |_|     |_|   /_/ \_\ |___| |____| |___| |___/ 

Successful account creation
-----------------------------------------------------------------------
[Test worker] ERROR  -     Test failed at step: Then registration success message should be (true)
[Test worker] ERROR  -     Expected: <true> but: was <false>
]]></system-err>
</testsuite>
