<?xml version="1.0" encoding="UTF-8"?>
<testsuite name="Automatic assignment a technician to a work order" tests="1" skipped="0" failures="0" errors="0" timestamp="2025-12-03T06:04:29.057Z" hostname="DESKTOP-PF36L1O" time="27.262">
  <properties/>
  <testcase name="Automatically assigning a technician to a work order" classname="Automatic assignment a technician to a work order" time="27.262"/>
  <system-out><![CDATA[]]></system-out>
  <system-err><![CDATA[[Test worker] INFO  - 
  _____   ___   ___   _____     ___   _____     _     ___   _____   ___   ___  
 |_   _| | __| / __| |_   _|   / __| |_   _|   /_\   | _ \ |_   _| | __| |   \ 
   | |   | _|  \__ \   | |     \__ \   | |    / _ \  |   /   | |   | _|  | |) |
   |_|   |___| |___/   |_|     |___/   |_|   /_/ \_\ |_|_\   |_|   |___| |___/ 

Automatically assigning a technician to a work order(automatic-assignment-a-technician-to-a-work-order;automatically-assigning-a-technician-to-a-work-order)
--------------------------------------------------------------------------------
[Test worker] INFO net.serenitybdd.core.webdriver.driverproviders.ChromeDriverProvider - Starting Chrome driver instance with capabilities:
[Test worker] INFO net.serenitybdd.core.webdriver.driverproviders.ChromeDriverProvider - Capabilities {acceptInsecureCerts: true, browserName: chrome, goog:chromeOptions: {args: [window-size=1920,1080, start-maximized, --test-type, no-sandbox, ignore-certificate-errors, incognito, disable-infobars, disable-gpu, disable-default-apps, disable-popup-blocking, disable-extensions-file-acc..., window-size=1920,1080, start-maximized, --test-type, no-sandbox, ignore-certificate-errors, incognito, disable-infobars, disable-gpu, disable-default-apps, disable-popup-blocking, disable-extensions-file-acc..., remote-allow-origins=*], extensions: []}}
dic 03, 2025 1:04:31 A. M. org.openqa.selenium.devtools.CdpVersionFinder findNearestMatch
WARNING: Unable to find CDP implementation matching 142
dic 03, 2025 1:04:31 A. M. org.openqa.selenium.chromium.ChromiumDriver lambda$new$5
WARNING: Unable to find version of CDP to use for 142.0.7444.176. You may need to include a dependency on a specific version of the CDP using something similar to `org.seleniumhq.selenium:selenium-devtools-v86:4.16.1` where the version ("v86") matches the version of the chromium-based browser you're using and the version number of the artifact is the same as Selenium's.
[Test worker] INFO  - 
  _____   ___   ___   _____     ___     _     ___   ___   ___   ___  
 |_   _| | __| / __| |_   _|   | _ \   /_\   / __| / __| | __| |   \ 
   | |   | _|  \__ \   | |     |  _/  / _ \  \__ \ \__ \ | _|  | |) |
   |_|   |___| |___/   |_|     |_|   /_/ \_\ |___/ |___/ |___| |___/ 

Automatically assigning a technician to a work order
----------------------------------------------------------------------
]]></system-err>
</testsuite>
