{"name":"Select a product and complete the purchase","id":"product-selection-and-purchase;select-a-product-and-complete-the-purchase","scenarioId":"02_product_selection:Select a product and complete the purchase","methodName":"Select a product and complete the purchase","testSteps":[{"number":1,"description":"Given I am on the AutomationExercises homepage","duration":5817,"startTime":"2025-11-19T03:20:06.136710200-05:00[America/Bogota]","result":"SUCCESS","precondition":false,"level":0,"children":[{"number":2,"description":"Jimmy go to home page","duration":5768,"startTime":"2025-11-19T03:20:06.142977500-05:00[America/Bogota]","result":"SUCCESS","precondition":false,"level":1,"children":[{"number":3,"description":"Jimmy opens the browser at https://automationexercise.com","duration":5685,"startTime":"2025-11-19T03:20:06.147992-05:00[America/Bogota]","result":"SUCCESS","precondition":false,"level":2}]}]},{"number":4,"description":"When the user selects the product \"Blue top\"","duration":5500,"startTime":"2025-11-19T03:20:11.955771200-05:00[America/Bogota]","precondition":false,"level":0,"children":[{"number":5,"description":"Levi clicks on product called Blue top","duration":5396,"startTime":"2025-11-19T03:20:12.058528400-05:00[America/Bogota]","exception":{"errorType":"net.thucydides.core.webdriver.exceptions.ElementShouldBePresentException","message":"Expected condition failed: waiting for By.xpath: //h2[contains(text(),\u0027Blue top\u0027)] to be present (tried for 5 second(s) with 100 milliseconds interval)\nBuild info: version: \u00274.16.1\u0027, revision: \u00279b4c83354e\u0027\nSystem info: os.name: \u0027Windows 11\u0027, os.arch: \u0027amd64\u0027, os.version: \u002710.0\u0027, java.version: \u002721.0.8\u0027\nDriver info: driver.version: unknown","stackTrace":[{"declaringClass":"co.com.buggy.test.tasks.SelectProduct","methodName":"performAs","fileName":"SelectProduct.java","lineNumber":24},{"declaringClass":"co.com.buggy.test.stepdefinitions.ProductSelectionStepDefinition","methodName":"selectionProduct","fileName":"ProductSelectionStepDefinition.java","lineNumber":36},{"declaringClass":"worker.org.gradle.process.internal.worker.GradleWorkerMain","methodName":"run","fileName":"GradleWorkerMain.java","lineNumber":69},{"declaringClass":"worker.org.gradle.process.internal.worker.GradleWorkerMain","methodName":"main","fileName":"GradleWorkerMain.java","lineNumber":74}],"rootCause":{"errorType":"org.openqa.selenium.TimeoutException","message":"Expected condition failed: waiting for By.xpath: //h2[contains(text(),\u0027Blue top\u0027)] to be present (tried for 5 second(s) with 100 milliseconds interval)\nBuild info: version: \u00274.16.1\u0027, revision: \u00279b4c83354e\u0027\nSystem info: os.name: \u0027Windows 11\u0027, os.arch: \u0027amd64\u0027, os.version: \u002710.0\u0027, java.version: \u002721.0.8\u0027\nDriver info: driver.version: unknown","stackTrace":[{"declaringClass":"co.com.buggy.test.tasks.SelectProduct","methodName":"performAs","fileName":"SelectProduct.java","lineNumber":24},{"declaringClass":"co.com.buggy.test.stepdefinitions.ProductSelectionStepDefinition","methodName":"selectionProduct","fileName":"ProductSelectionStepDefinition.java","lineNumber":36},{"declaringClass":"worker.org.gradle.process.internal.worker.GradleWorkerMain","methodName":"run","fileName":"GradleWorkerMain.java","lineNumber":69},{"declaringClass":"worker.org.gradle.process.internal.worker.GradleWorkerMain","methodName":"main","fileName":"GradleWorkerMain.java","lineNumber":74}]}},"result":"FAILURE","precondition":false,"level":1}]},{"number":6,"description":"And adds the product to the cart","duration":0,"startTime":"2025-11-19T03:20:17.471974700-05:00[America/Bogota]","result":"SKIPPED","precondition":false,"level":0},{"number":7,"description":"And goes to the cart from the View Cart link","duration":0,"startTime":"2025-11-19T03:20:17.500925100-05:00[America/Bogota]","result":"SKIPPED","precondition":false,"level":0},{"number":8,"description":"And proceeds to checkout","duration":0,"startTime":"2025-11-19T03:20:17.528567-05:00[America/Bogota]","result":"SKIPPED","precondition":false,"level":0},{"number":9,"description":"Then the order should be successfully confirmed","duration":0,"startTime":"2025-11-19T03:20:17.559037-05:00[America/Bogota]","result":"SKIPPED","precondition":false,"level":0}],"userStory":{"id":"02_product_selection","storyName":"Product selection and purchase","displayName":"Product selection and purchase","path":"02_product_selection","pathElements":[{"name":"02_product_selection","description":""}],"narrative":"  As a user\n  I want to select a product\n  So that I can add it to the cart and proceed to checkout","type":"feature"},"title":"Select a product and complete the purchase","description":"","backgroundTitle":"","backgroundDescription":"","tags":[{"name":"Chrome","type":"context","displayName":"Chrome"},{"name":"Windows","type":"context","displayName":"Windows"},{"name":"Chrome, Windows","type":"context","displayName":"Chrome, Windows"}],"startTime":"2025-11-19T03:20:06.119910400-05:00[America/Bogota]","duration":5623,"testFailureCause":{"errorType":"net.thucydides.core.webdriver.exceptions.ElementShouldBePresentException","message":"Expected condition failed: waiting for By.xpath: //h2[contains(text(),\u0027Blue top\u0027)] to be present (tried for 5 second(s) with 100 milliseconds interval)\nBuild info: version: \u00274.16.1\u0027, revision: \u00279b4c83354e\u0027\nSystem info: os.name: \u0027Windows 11\u0027, os.arch: \u0027amd64\u0027, os.version: \u002710.0\u0027, java.version: \u002721.0.8\u0027\nDriver info: driver.version: unknown","stackTrace":[{"declaringClass":"co.com.buggy.test.tasks.SelectProduct","methodName":"performAs","fileName":"SelectProduct.java","lineNumber":24},{"declaringClass":"co.com.buggy.test.stepdefinitions.ProductSelectionStepDefinition","methodName":"selectionProduct","fileName":"ProductSelectionStepDefinition.java","lineNumber":36},{"declaringClass":"worker.org.gradle.process.internal.worker.GradleWorkerMain","methodName":"run","fileName":"GradleWorkerMain.java","lineNumber":69},{"declaringClass":"worker.org.gradle.process.internal.worker.GradleWorkerMain","methodName":"main","fileName":"GradleWorkerMain.java","lineNumber":74}],"rootCause":{"errorType":"org.openqa.selenium.TimeoutException","message":"Expected condition failed: waiting for By.xpath: //h2[contains(text(),\u0027Blue top\u0027)] to be present (tried for 5 second(s) with 100 milliseconds interval)\nBuild info: version: \u00274.16.1\u0027, revision: \u00279b4c83354e\u0027\nSystem info: os.name: \u0027Windows 11\u0027, os.arch: \u0027amd64\u0027, os.version: \u002710.0\u0027, java.version: \u002721.0.8\u0027\nDriver info: driver.version: unknown","stackTrace":[{"declaringClass":"co.com.buggy.test.tasks.SelectProduct","methodName":"performAs","fileName":"SelectProduct.java","lineNumber":24},{"declaringClass":"co.com.buggy.test.stepdefinitions.ProductSelectionStepDefinition","methodName":"selectionProduct","fileName":"ProductSelectionStepDefinition.java","lineNumber":36},{"declaringClass":"worker.org.gradle.process.internal.worker.GradleWorkerMain","methodName":"run","fileName":"GradleWorkerMain.java","lineNumber":69},{"declaringClass":"worker.org.gradle.process.internal.worker.GradleWorkerMain","methodName":"main","fileName":"GradleWorkerMain.java","lineNumber":74}]}},"testFailureClassname":"net.thucydides.core.webdriver.exceptions.ElementShouldBePresentException","testFailureMessage":"Expected condition failed: waiting for By.xpath: //h2[contains(text(),\u0027Blue top\u0027)] to be present (tried for 5 second(s) with 100 milliseconds interval)\nBuild info: version: \u00274.16.1\u0027, revision: \u00279b4c83354e\u0027\nSystem info: os.name: \u0027Windows 11\u0027, os.arch: \u0027amd64\u0027, os.version: \u002710.0\u0027, java.version: \u002721.0.8\u0027\nDriver info: driver.version: unknown","testFailureSummary":"FAILURE;net.thucydides.core.webdriver.exceptions.ElementShouldBePresentException;Expected condition failed: waiting for By.xpath: //h2[contains(text(),\u0027Blue top\u0027)] to be present (tried for 5 second(s) with 100 milliseconds interval)\nBuild info: version: \u00274.16.1\u0027, revision: \u00279b4c83354e\u0027\nSystem info: os.name: \u0027Windows 11\u0027, os.arch: \u0027amd64\u0027, os.version: \u002710.0\u0027, java.version: \u002721.0.8\u0027\nDriver info: driver.version: unknown;SelectProduct.java","projectKey":"","annotatedResult":"FAILURE","sessionId":"f12274e21d653eb3287c649e902289f6","driver":"chrome","isManualTestingUpToDate":false,"context":"chrome,windows","manual":false,"testSource":"Cucumber","actors":[{"name":"Jimmy"},{"name":"Levi"}],"order":0,"result":"FAILURE"}