<?xml version="1.0" encoding="UTF-8" standalone="no"?><testsuite errors="0" failures="1" name="Manual assignment a technician to a work order" skipped="0" tests="1" time="0.41" timestamp="2025-12-02 11:38:11"><testcase name="Manually assigning a technician to a work order"><failure message="&#10;Expected: &lt;true&gt;&#10;     but: was &lt;false&gt;" type="java.lang.AssertionError">
Expected: &lt;true&gt;
     but: was &lt;false&gt;</failure><system-err>
Expected: &lt;true&gt;
     but: was &lt;false&gt;&#13;
co.com.telconova.test.stepdefinitions.ManualAssignmentStepDefinition.iShouldConfirmThatTheWorkOrderIsAssigned(ManualAssignmentStepDefinition.java:88)&#13;
worker.org.gradle.process.internal.worker.GradleWorkerMain.run(GradleWorkerMain.java:69)&#13;
worker.org.gradle.process.internal.worker.GradleWorkerMain.main(GradleWorkerMain.java:74)&#13;
</system-err></testcase></testsuite>