<?xml version="1.0" encoding="UTF-8" standalone="no"?><testsuite errors="1" failures="0" name="Register on the AutomationExercises website" skipped="0" tests="1" time="6.99" timestamp="2025-11-19 03:19:57"><testcase name="Successfully register a new user on AutomationExercises"><error message="no such window: target window already closed&#10;from unknown error: web view not found&#10;  (Session info: chrome=142.0.7444.164)&#10;Build info: version: '4.16.1', revision: '9b4c83354e'&#10;System info: os.name: 'Windows 11', os.arch: 'amd64', os.version: '10.0', java.version: '21.0.8'&#10;Driver info: org.openqa.selenium.chrome.ChromeDriver&#10;Command: [6ab8f6c5cbcad3e1c8f6cfa26eff9617, findElement {using=xpath, value=//a[normalize-space(text())='Signup / Login'] | //button[normalize-space(text())='Signup / Login']}]&#10;Capabilities {acceptInsecureCerts: false, browserName: chrome, browserVersion: 142.0.7444.164, chrome: {chromedriverVersion: 142.0.7444.175 (302067f14a4..., userDataDir: C:\Users\Usuario\AppData\Lo...}, fedcm:accounts: true, goog:chromeOptions: {debuggerAddress: localhost:56531}, goog:processID: 1580, networkConnectionEnabled: false, pageLoadStrategy: normal, platformName: windows, proxy: Proxy(), se:cdp: ws://localhost:56531/devtoo..., se:cdpVersion: 142.0.7444.164, setWindowRect: true, strictFileInteractability: false, timeouts: {implicit: 0, pageLoad: 300000, script: 30000}, unhandledPromptBehavior: dismiss and notify, webauthn:extension:credBlob: true, webauthn:extension:largeBlob: true, webauthn:extension:minPinLength: true, webauthn:extension:prf: true, webauthn:virtualAuthenticators: true}&#10;Session ID: 6ab8f6c5cbcad3e1c8f6cfa26eff9617" type="org.openqa.selenium.NoSuchWindowException">no such window: target window already closed
from unknown error: web view not found
  (Session info: chrome=142.0.7444.164)
Build info: version: '4.16.1', revision: '9b4c83354e'
System info: os.name: 'Windows 11', os.arch: 'amd64', os.version: '10.0', java.version: '21.0.8'
Driver info: org.openqa.selenium.chrome.ChromeDriver
Command: [6ab8f6c5cbcad3e1c8f6cfa26eff9617, findElement {using=xpath, value=//a[normalize-space(text())='Signup / Login'] | //button[normalize-space(text())='Signup / Login']}]
Capabilities {acceptInsecureCerts: false, browserName: chrome, browserVersion: 142.0.7444.164, chrome: {chromedriverVersion: 142.0.7444.175 (302067f14a4..., userDataDir: C:\Users\Usuario\AppData\Lo...}, fedcm:accounts: true, goog:chromeOptions: {debuggerAddress: localhost:56531}, goog:processID: 1580, networkConnectionEnabled: false, pageLoadStrategy: normal, platformName: windows, proxy: Proxy(), se:cdp: ws://localhost:56531/devtoo..., se:cdpVersion: 142.0.7444.164, setWindowRect: true, strictFileInteractability: false, timeouts: {implicit: 0, pageLoad: 300000, script: 30000}, unhandledPromptBehavior: dismiss and notify, webauthn:extension:credBlob: true, webauthn:extension:largeBlob: true, webauthn:extension:minPinLength: true, webauthn:extension:prf: true, webauthn:virtualAuthenticators: true}
Session ID: 6ab8f6c5cbcad3e1c8f6cfa26eff9617</error><system-err>no such window: target window already closed
from unknown error: web view not found
  (Session info: chrome=142.0.7444.164)
Build info: version: '4.16.1', revision: '9b4c83354e'
System info: os.name: 'Windows 11', os.arch: 'amd64', os.version: '10.0', java.version: '21.0.8'
Driver info: org.openqa.selenium.chrome.ChromeDriver
Command: [6ab8f6c5cbcad3e1c8f6cfa26eff9617, findElement {using=xpath, value=//a[normalize-space(text())='Signup / Login'] | //button[normalize-space(text())='Signup / Login']}]
Capabilities {acceptInsecureCerts: false, browserName: chrome, browserVersion: 142.0.7444.164, chrome: {chromedriverVersion: 142.0.7444.175 (302067f14a4..., userDataDir: C:\Users\Usuario\AppData\Lo...}, fedcm:accounts: true, goog:chromeOptions: {debuggerAddress: localhost:56531}, goog:processID: 1580, networkConnectionEnabled: false, pageLoadStrategy: normal, platformName: windows, proxy: Proxy(), se:cdp: ws://localhost:56531/devtoo..., se:cdpVersion: 142.0.7444.164, setWindowRect: true, strictFileInteractability: false, timeouts: {implicit: 0, pageLoad: 300000, script: 30000}, unhandledPromptBehavior: dismiss and notify, webauthn:extension:credBlob: true, webauthn:extension:largeBlob: true, webauthn:extension:minPinLength: true, webauthn:extension:prf: true, webauthn:virtualAuthenticators: true}
Session ID: 6ab8f6c5cbcad3e1c8f6cfa26eff9617&#13;
co.com.buggy.test.tasks.ClickButton.performAs(ClickButton.java:26)&#13;
co.com.buggy.test.stepdefinitions.RegisterStepDefinition.iClickOnTheButton(RegisterStepDefinition.java:41)&#13;
worker.org.gradle.process.internal.worker.GradleWorkerMain.run(GradleWorkerMain.java:69)&#13;
worker.org.gradle.process.internal.worker.GradleWorkerMain.main(GradleWorkerMain.java:74)&#13;
</system-err></testcase></testsuite>